<?xml version="1.0" encoding="UTF-8"?>
<coverage generated="1724086847592" clover="3.2.0">
  <project timestamp="1724086847592" name="All files">
    <metrics statements="182" coveredstatements="158" conditionals="57" coveredconditionals="47" methods="50" coveredmethods="40" elements="289" coveredelements="245" complexity="0" loc="182" ncloc="182" packages="7" files="19" classes="19"/>
    <package name="assets">
      <metrics statements="1" coveredstatements="1" conditionals="0" coveredconditionals="0" methods="0" coveredmethods="0"/>
      <file name="Icons.ts" path="/Users/mr9v2opt/Desktop/src/interview/SerdaoTest/src/assets/Icons.ts">
        <metrics statements="1" coveredstatements="1" conditionals="0" coveredconditionals="0" methods="0" coveredmethods="0"/>
        <line num="1" count="5" type="stmt"/>
      </file>
      <file name="index.ts" path="/Users/mr9v2opt/Desktop/src/interview/SerdaoTest/src/assets/index.ts">
        <metrics statements="0" coveredstatements="0" conditionals="0" coveredconditionals="0" methods="0" coveredmethods="0"/>
      </file>
    </package>
    <package name="components">
      <metrics statements="14" coveredstatements="14" conditionals="0" coveredconditionals="0" methods="6" coveredmethods="6"/>
      <file name="CommonTextInput.tsx" path="/Users/mr9v2opt/Desktop/src/interview/SerdaoTest/src/components/CommonTextInput.tsx">
        <metrics statements="3" coveredstatements="3" conditionals="0" coveredconditionals="0" methods="1" coveredmethods="1"/>
        <line num="5" count="4" type="stmt"/>
        <line num="6" count="26" type="stmt"/>
        <line num="9" count="4" type="stmt"/>
      </file>
      <file name="CurrentBalanceCard.tsx" path="/Users/mr9v2opt/Desktop/src/interview/SerdaoTest/src/components/CurrentBalanceCard.tsx">
        <metrics statements="3" coveredstatements="3" conditionals="0" coveredconditionals="0" methods="1" coveredmethods="1"/>
        <line num="8" count="3" type="stmt"/>
        <line num="9" count="5" type="stmt"/>
        <line num="19" count="3" type="stmt"/>
      </file>
      <file name="TransactionList.tsx" path="/Users/mr9v2opt/Desktop/src/interview/SerdaoTest/src/components/TransactionList.tsx">
        <metrics statements="8" coveredstatements="8" conditionals="0" coveredconditionals="0" methods="4" coveredmethods="4"/>
        <line num="16" count="4" type="stmt"/>
        <line num="17" count="10" type="stmt"/>
        <line num="18" count="8" type="stmt"/>
        <line num="30" count="10" type="stmt"/>
        <line num="31" count="3" type="stmt"/>
        <line num="41" count="10" type="stmt"/>
        <line num="47" count="5" type="stmt"/>
        <line num="52" count="4" type="stmt"/>
      </file>
    </package>
    <package name="constants">
      <metrics statements="2" coveredstatements="2" conditionals="0" coveredconditionals="0" methods="0" coveredmethods="0"/>
      <file name="cacheKeys.ts" path="/Users/mr9v2opt/Desktop/src/interview/SerdaoTest/src/constants/cacheKeys.ts">
        <metrics statements="0" coveredstatements="0" conditionals="0" coveredconditionals="0" methods="0" coveredmethods="0"/>
      </file>
      <file name="index.ts" path="/Users/mr9v2opt/Desktop/src/interview/SerdaoTest/src/constants/index.ts">
        <metrics statements="0" coveredstatements="0" conditionals="0" coveredconditionals="0" methods="0" coveredmethods="0"/>
      </file>
      <file name="regex.ts" path="/Users/mr9v2opt/Desktop/src/interview/SerdaoTest/src/constants/regex.ts">
        <metrics statements="2" coveredstatements="2" conditionals="0" coveredconditionals="0" methods="0" coveredmethods="0"/>
        <line num="1" count="7" type="stmt"/>
        <line num="2" count="7" type="stmt"/>
      </file>
    </package>
    <package name="contexts">
      <metrics statements="54" coveredstatements="52" conditionals="6" coveredconditionals="6" methods="18" coveredmethods="17"/>
      <file name="BeneficariesContext.tsx" path="/Users/mr9v2opt/Desktop/src/interview/SerdaoTest/src/contexts/BeneficariesContext.tsx">
        <metrics statements="25" coveredstatements="23" conditionals="2" coveredconditionals="2" methods="9" coveredmethods="8"/>
        <line num="20" count="5" type="stmt"/>
        <line num="24" count="22" type="stmt"/>
        <line num="26" count="5" type="stmt"/>
        <line num="31" count="12" type="stmt"/>
        <line num="33" count="12" type="stmt"/>
        <line num="36" count="12" type="stmt"/>
        <line num="38" count="0" type="stmt"/>
        <line num="39" count="0" type="stmt"/>
        <line num="48" count="12" type="stmt"/>
        <line num="49" count="12" type="stmt"/>
        <line num="52" count="12" type="stmt"/>
        <line num="53" count="7" type="stmt"/>
        <line num="54" count="7" type="stmt"/>
        <line num="55" count="7" type="cond" truecount="2" falsecount="0"/>
        <line num="56" count="1" type="stmt"/>
        <line num="57" count="1" type="stmt"/>
        <line num="60" count="7" type="stmt"/>
        <line num="63" count="12" type="stmt"/>
        <line num="64" count="5" type="stmt"/>
        <line num="65" count="5" type="stmt"/>
        <line num="66" count="4" type="stmt"/>
        <line num="70" count="4" type="stmt"/>
        <line num="71" count="4" type="stmt"/>
        <line num="73" count="1" type="stmt"/>
        <line num="76" count="12" type="stmt"/>
      </file>
      <file name="TransactionContext.tsx" path="/Users/mr9v2opt/Desktop/src/interview/SerdaoTest/src/contexts/TransactionContext.tsx">
        <metrics statements="29" coveredstatements="29" conditionals="4" coveredconditionals="4" methods="9" coveredmethods="9"/>
        <line num="18" count="3" type="stmt"/>
        <line num="22" count="18" type="stmt"/>
        <line num="24" count="3" type="stmt"/>
        <line num="29" count="17" type="stmt"/>
        <line num="30" count="17" type="stmt"/>
        <line num="32" count="17" type="stmt"/>
        <line num="33" count="5" type="stmt"/>
        <line num="37" count="5" type="stmt"/>
        <line num="39" count="5" type="cond" truecount="2" falsecount="0"/>
        <line num="40" count="2" type="stmt"/>
        <line num="41" count="3" type="stmt"/>
        <line num="42" count="3" type="stmt"/>
        <line num="48" count="2" type="stmt"/>
        <line num="49" count="2" type="stmt"/>
        <line num="53" count="17" type="stmt"/>
        <line num="55" count="3" type="stmt"/>
        <line num="56" count="3" type="stmt"/>
        <line num="65" count="17" type="stmt"/>
        <line num="66" count="16" type="stmt"/>
        <line num="69" count="17" type="stmt"/>
        <line num="70" count="11" type="stmt"/>
        <line num="71" count="11" type="stmt"/>
        <line num="72" count="11" type="stmt"/>
        <line num="73" count="11" type="cond" truecount="2" falsecount="0"/>
        <line num="75" count="2" type="stmt"/>
        <line num="76" count="2" type="stmt"/>
        <line num="77" count="2" type="stmt"/>
        <line num="82" count="11" type="stmt"/>
        <line num="85" count="17" type="stmt"/>
      </file>
    </package>
    <package name="models">
      <metrics statements="37" coveredstatements="36" conditionals="29" coveredconditionals="28" methods="6" coveredmethods="6"/>
      <file name="Beneficiary.ts" path="/Users/mr9v2opt/Desktop/src/interview/SerdaoTest/src/models/Beneficiary.ts">
        <metrics statements="18" coveredstatements="17" conditionals="23" coveredconditionals="22" methods="2" coveredmethods="2"/>
        <line num="3" count="7" type="stmt"/>
        <line num="10" count="5" type="stmt"/>
        <line num="11" count="5" type="stmt"/>
        <line num="15" count="12" type="stmt"/>
        <line num="16" count="12" type="stmt"/>
        <line num="17" count="12" type="stmt"/>
        <line num="19" count="12" type="cond" truecount="4" falsecount="0"/>
        <line num="20" count="1" type="stmt"/>
        <line num="23" count="11" type="cond" truecount="2" falsecount="0"/>
        <line num="28" count="2" type="stmt"/>
        <line num="31" count="9" type="cond" truecount="2" falsecount="0"/>
        <line num="36" count="2" type="stmt"/>
        <line num="39" count="7" type="stmt"/>
        <line num="40" count="7" type="cond" truecount="3" falsecount="1"/>
        <line num="41" count="0" type="stmt"/>
        <line num="44" count="7" type="cond" truecount="2" falsecount="0"/>
        <line num="49" count="2" type="stmt"/>
        <line num="52" count="5" type="stmt"/>
      </file>
      <file name="Transaction.ts" path="/Users/mr9v2opt/Desktop/src/interview/SerdaoTest/src/models/Transaction.ts">
        <metrics statements="19" coveredstatements="19" conditionals="6" coveredconditionals="6" methods="4" coveredmethods="4"/>
        <line num="7" count="7" type="stmt"/>
        <line num="8" count="7" type="stmt"/>
        <line num="12" count="7" type="stmt"/>
        <line num="13" count="7" type="stmt"/>
        <line num="14" count="7" type="stmt"/>
        <line num="24" count="2" type="stmt"/>
        <line num="25" count="2" type="stmt"/>
        <line num="26" count="2" type="stmt"/>
        <line num="30" count="7" type="stmt"/>
        <line num="31" count="7" type="stmt"/>
        <line num="32" count="7" type="stmt"/>
        <line num="36" count="7" type="cond" truecount="2" falsecount="0"/>
        <line num="37" count="1" type="stmt"/>
        <line num="39" count="6" type="cond" truecount="2" falsecount="0"/>
        <line num="40" count="1" type="stmt"/>
        <line num="44" count="5" type="cond" truecount="2" falsecount="0"/>
        <line num="45" count="3" type="stmt"/>
        <line num="48" count="2" type="stmt"/>
        <line num="49" count="2" type="stmt"/>
      </file>
      <file name="index.ts" path="/Users/mr9v2opt/Desktop/src/interview/SerdaoTest/src/models/index.ts">
        <metrics statements="0" coveredstatements="0" conditionals="0" coveredconditionals="0" methods="0" coveredmethods="0"/>
      </file>
    </package>
    <package name="screens">
      <metrics statements="71" coveredstatements="51" conditionals="20" coveredconditionals="12" methods="19" coveredmethods="10"/>
      <file name="CreateBeneficiaryScreen.tsx" path="/Users/mr9v2opt/Desktop/src/interview/SerdaoTest/src/screens/CreateBeneficiaryScreen.tsx">
        <metrics statements="17" coveredstatements="17" conditionals="4" coveredconditionals="4" methods="2" coveredmethods="2"/>
        <line num="12" count="3" type="stmt"/>
        <line num="13" count="9" type="stmt"/>
        <line num="14" count="9" type="stmt"/>
        <line num="15" count="9" type="stmt"/>
        <line num="17" count="9" type="stmt"/>
        <line num="19" count="9" type="cond" truecount="2" falsecount="0"/>
        <line num="20" count="1" type="stmt"/>
        <line num="22" count="8" type="stmt"/>
        <line num="25" count="8" type="stmt"/>
        <line num="26" count="2" type="stmt"/>
        <line num="27" count="2" type="cond" truecount="2" falsecount="0"/>
        <line num="28" count="1" type="stmt"/>
        <line num="29" count="1" type="stmt"/>
        <line num="30" count="1" type="stmt"/>
        <line num="31" count="1" type="stmt"/>
        <line num="35" count="8" type="stmt"/>
        <line num="82" count="3" type="stmt"/>
      </file>
      <file name="HomeScreen.tsx" path="/Users/mr9v2opt/Desktop/src/interview/SerdaoTest/src/screens/HomeScreen.tsx">
        <metrics statements="9" coveredstatements="9" conditionals="2" coveredconditionals="2" methods="3" coveredmethods="3"/>
        <line num="18" count="2" type="stmt"/>
        <line num="19" count="4" type="stmt"/>
        <line num="20" count="4" type="cond" truecount="2" falsecount="0"/>
        <line num="21" count="1" type="stmt"/>
        <line num="23" count="3" type="stmt"/>
        <line num="25" count="3" type="stmt"/>
        <line num="31" count="1" type="stmt"/>
        <line num="36" count="1" type="stmt"/>
        <line num="47" count="2" type="stmt"/>
      </file>
      <file name="TransactionScreen.tsx" path="/Users/mr9v2opt/Desktop/src/interview/SerdaoTest/src/screens/TransactionScreen.tsx">
        <metrics statements="45" coveredstatements="25" conditionals="14" coveredconditionals="6" methods="14" coveredmethods="5"/>
        <line num="24" count="1" type="stmt"/>
        <line num="29" count="2" type="stmt"/>
        <line num="30" count="2" type="stmt"/>
        <line num="31" count="2" type="stmt"/>
        <line num="32" count="2" type="stmt"/>
        <line num="33" count="2" type="stmt"/>
        <line num="34" count="2" type="stmt"/>
        <line num="35" count="2" type="cond" truecount="2" falsecount="0"/>
        <line num="36" count="1" type="stmt"/>
        <line num="38" count="1" type="cond" truecount="1" falsecount="1"/>
        <line num="39" count="0" type="stmt"/>
        <line num="41" count="1" type="stmt"/>
        <line num="42" count="1" type="stmt"/>
        <line num="44" count="1" type="stmt"/>
        <line num="45" count="0" type="stmt"/>
        <line num="46" count="0" type="stmt"/>
        <line num="47" count="0" type="stmt"/>
        <line num="48" count="0" type="stmt"/>
        <line num="50" count="0" type="stmt"/>
        <line num="55" count="1" type="stmt"/>
        <line num="57" count="1" type="stmt"/>
        <line num="58" count="1" type="stmt"/>
        <line num="60" count="1" type="stmt"/>
        <line num="61" count="0" type="stmt"/>
        <line num="62" count="0" type="stmt"/>
        <line num="63" count="0" type="stmt"/>
        <line num="67" count="1" type="stmt"/>
        <line num="68" count="0" type="stmt"/>
        <line num="70" count="0" type="cond" truecount="0" falsecount="2"/>
        <line num="72" count="0" type="cond" truecount="0" falsecount="2"/>
        <line num="78" count="0" type="cond" truecount="0" falsecount="2"/>
        <line num="80" count="0" type="stmt"/>
        <line num="88" count="0" type="stmt"/>
        <line num="97" count="1" type="stmt"/>
        <line num="100" count="1" type="stmt"/>
        <line num="101" count="0" type="stmt"/>
        <line num="104" count="1" type="stmt"/>
        <line num="105" count="0" type="stmt"/>
        <line num="108" count="1" type="stmt"/>
        <line num="110" count="1" type="stmt"/>
        <line num="120" count="1" type="stmt"/>
        <line num="143" count="0" type="stmt"/>
        <line num="144" count="0" type="stmt"/>
        <line num="174" count="0" type="stmt"/>
        <line num="183" count="2" type="stmt"/>
      </file>
      <file name="index.ts" path="/Users/mr9v2opt/Desktop/src/interview/SerdaoTest/src/screens/index.ts">
        <metrics statements="0" coveredstatements="0" conditionals="0" coveredconditionals="0" methods="0" coveredmethods="0"/>
      </file>
    </package>
    <package name="utils">
      <metrics statements="3" coveredstatements="2" conditionals="2" coveredconditionals="1" methods="1" coveredmethods="1"/>
      <file name="index.ts" path="/Users/mr9v2opt/Desktop/src/interview/SerdaoTest/src/utils/index.ts">
        <metrics statements="0" coveredstatements="0" conditionals="0" coveredconditionals="0" methods="0" coveredmethods="0"/>
      </file>
      <file name="notifyMessage.ts" path="/Users/mr9v2opt/Desktop/src/interview/SerdaoTest/src/utils/notifyMessage.ts">
        <metrics statements="3" coveredstatements="2" conditionals="2" coveredconditionals="1" methods="1" coveredmethods="1"/>
        <line num="4" count="5" type="cond" truecount="1" falsecount="1"/>
        <line num="5" count="0" type="stmt"/>
        <line num="7" count="5" type="stmt"/>
      </file>
    </package>
  </project>
</coverage>
