{"/Users/mr9v2opt/Desktop/src/interview/SerdaoTest/src/assets/Icons.ts": {"path":"/Users/mr9v2opt/Desktop/src/interview/SerdaoTest/src/assets/Icons.ts","statementMap":{"0":{"start":{"line":1,"column":21},"end":{"line":17,"column":1}}},"fnMap":{},"branchMap":{},"s":{"0":5},"f":{},"b":{},"_coverageSchema":"1a1c01bbd47fc00a2c39e90264f33305004495a9","hash":"c6674f4e2099a16eb28bef1891075c1f519c6b12"}
,"/Users/mr9v2opt/Desktop/src/interview/SerdaoTest/src/assets/index.ts": {"path":"/Users/mr9v2opt/Desktop/src/interview/SerdaoTest/src/assets/index.ts","statementMap":{},"fnMap":{},"branchMap":{},"s":{},"f":{},"b":{},"_coverageSchema":"1a1c01bbd47fc00a2c39e90264f33305004495a9","hash":"5f5d0f33b1b17cb999d528de9a5a7d15820dc217"}
,"/Users/mr9v2opt/Desktop/src/interview/SerdaoTest/src/components/CommonTextInput.tsx": {"path":"/Users/mr9v2opt/Desktop/src/interview/SerdaoTest/src/components/CommonTextInput.tsx","statementMap":{"0":{"start":{"line":5,"column":31},"end":{"line":7,"column":1}},"1":{"start":{"line":6,"column":2},"end":{"line":6,"column":59}},"2":{"start":{"line":9,"column":15},"end":{"line":26,"column":2}}},"fnMap":{"0":{"name":"(anonymous_0)","decl":{"start":{"line":5,"column":31},"end":{"line":5,"column":32}},"loc":{"start":{"line":5,"column":64},"end":{"line":7,"column":1}},"line":5}},"branchMap":{},"s":{"0":4,"1":26,"2":4},"f":{"0":26},"b":{},"_coverageSchema":"1a1c01bbd47fc00a2c39e90264f33305004495a9","hash":"e292604c3f16cbe973e680cf947e33360d674b8a"}
,"/Users/mr9v2opt/Desktop/src/interview/SerdaoTest/src/components/CurrentBalanceCard.tsx": {"path":"/Users/mr9v2opt/Desktop/src/interview/SerdaoTest/src/components/CurrentBalanceCard.tsx","statementMap":{"0":{"start":{"line":8,"column":51},"end":{"line":17,"column":1}},"1":{"start":{"line":9,"column":2},"end":{"line":16,"column":4}},"2":{"start":{"line":19,"column":15},"end":{"line":43,"column":2}}},"fnMap":{"0":{"name":"(anonymous_0)","decl":{"start":{"line":8,"column":51},"end":{"line":8,"column":52}},"loc":{"start":{"line":8,"column":73},"end":{"line":17,"column":1}},"line":8}},"branchMap":{},"s":{"0":3,"1":5,"2":3},"f":{"0":5},"b":{},"_coverageSchema":"1a1c01bbd47fc00a2c39e90264f33305004495a9","hash":"f33ef6b7b2f12821b9b7ee9f173b990bb5098c7e"}
,"/Users/mr9v2opt/Desktop/src/interview/SerdaoTest/src/components/TransactionList.tsx": {"path":"/Users/mr9v2opt/Desktop/src/interview/SerdaoTest/src/components/TransactionList.tsx","statementMap":{"0":{"start":{"line":16,"column":48},"end":{"line":50,"column":1}},"1":{"start":{"line":17,"column":35},"end":{"line":28,"column":8}},"2":{"start":{"line":18,"column":4},"end":{"line":27,"column":6}},"3":{"start":{"line":30,"column":21},"end":{"line":39,"column":3}},"4":{"start":{"line":31,"column":4},"end":{"line":38,"column":11}},"5":{"start":{"line":41,"column":2},"end":{"line":49,"column":4}},"6":{"start":{"line":47,"column":28},"end":{"line":47,"column":35}},"7":{"start":{"line":52,"column":15},"end":{"line":121,"column":2}}},"fnMap":{"0":{"name":"(anonymous_0)","decl":{"start":{"line":16,"column":48},"end":{"line":16,"column":49}},"loc":{"start":{"line":16,"column":68},"end":{"line":50,"column":1}},"line":16},"1":{"name":"(anonymous_1)","decl":{"start":{"line":17,"column":47},"end":{"line":17,"column":48}},"loc":{"start":{"line":17,"column":53},"end":{"line":28,"column":3}},"line":17},"2":{"name":"(anonymous_2)","decl":{"start":{"line":30,"column":21},"end":{"line":30,"column":22}},"loc":{"start":{"line":31,"column":4},"end":{"line":38,"column":11}},"line":31},"3":{"name":"(anonymous_3)","decl":{"start":{"line":47,"column":20},"end":{"line":47,"column":21}},"loc":{"start":{"line":47,"column":28},"end":{"line":47,"column":35}},"line":47}},"branchMap":{},"s":{"0":4,"1":10,"2":8,"3":10,"4":3,"5":10,"6":5,"7":4},"f":{"0":10,"1":8,"2":3,"3":5},"b":{},"_coverageSchema":"1a1c01bbd47fc00a2c39e90264f33305004495a9","hash":"263ac26933780ffb596cca98a73857a0573940c3"}
,"/Users/mr9v2opt/Desktop/src/interview/SerdaoTest/src/constants/cacheKeys.ts": {"path":"/Users/mr9v2opt/Desktop/src/interview/SerdaoTest/src/constants/cacheKeys.ts","statementMap":{},"fnMap":{},"branchMap":{},"s":{},"f":{},"b":{},"_coverageSchema":"1a1c01bbd47fc00a2c39e90264f33305004495a9","hash":"9c0663ac37c94705bd6e7f38f91936c023987530"}
,"/Users/mr9v2opt/Desktop/src/interview/SerdaoTest/src/constants/index.ts": {"path":"/Users/mr9v2opt/Desktop/src/interview/SerdaoTest/src/constants/index.ts","statementMap":{},"fnMap":{},"branchMap":{},"s":{},"f":{},"b":{},"_coverageSchema":"1a1c01bbd47fc00a2c39e90264f33305004495a9","hash":"1ee9b75de5caf1c18022608c779d9782a1627404"}
,"/Users/mr9v2opt/Desktop/src/interview/SerdaoTest/src/constants/regex.ts": {"path":"/Users/mr9v2opt/Desktop/src/interview/SerdaoTest/src/constants/regex.ts","statementMap":{"0":{"start":{"line":1,"column":32},"end":{"line":1,"column":58}},"1":{"start":{"line":2,"column":31},"end":{"line":2,"column":57}}},"fnMap":{},"branchMap":{},"s":{"0":7,"1":7},"f":{},"b":{},"_coverageSchema":"1a1c01bbd47fc00a2c39e90264f33305004495a9","hash":"8823ba455cc498e2cc1ef7cce62d939ca0b3c1cd"}
,"/Users/mr9v2opt/Desktop/src/interview/SerdaoTest/src/contexts/BeneficariesContext.tsx": {"path":"/Users/mr9v2opt/Desktop/src/interview/SerdaoTest/src/contexts/BeneficariesContext.tsx","statementMap":{"0":{"start":{"line":20,"column":28},"end":{"line":22,"column":1}},"1":{"start":{"line":24,"column":32},"end":{"line":24,"column":69}},"2":{"start":{"line":24,"column":38},"end":{"line":24,"column":69}},"3":{"start":{"line":26,"column":37},"end":{"line":81,"column":1}},"4":{"start":{"line":31,"column":44},"end":{"line":31,"column":71}},"5":{"start":{"line":33,"column":2},"end":{"line":33,"column":26}},"6":{"start":{"line":36,"column":33},"end":{"line":46,"column":3}},"7":{"start":{"line":38,"column":6},"end":{"line":43,"column":21}},"8":{"start":{"line":39,"column":8},"end":{"line":42,"column":10}},"9":{"start":{"line":48,"column":2},"end":{"line":50,"column":46}},"10":{"start":{"line":49,"column":4},"end":{"line":49,"column":29}},"11":{"start":{"line":52,"column":2},"end":{"line":61,"column":9}},"12":{"start":{"line":53,"column":29},"end":{"line":59,"column":5}},"13":{"start":{"line":54,"column":21},"end":{"line":54,"column":81}},"14":{"start":{"line":55,"column":6},"end":{"line":58,"column":7}},"15":{"start":{"line":56,"column":23},"end":{"line":56,"column":41}},"16":{"start":{"line":57,"column":8},"end":{"line":57,"column":33}},"17":{"start":{"line":60,"column":4},"end":{"line":60,"column":23}},"18":{"start":{"line":63,"column":25},"end":{"line":75,"column":3}},"19":{"start":{"line":64,"column":4},"end":{"line":74,"column":5}},"20":{"start":{"line":65,"column":29},"end":{"line":65,"column":64}},"21":{"start":{"line":66,"column":6},"end":{"line":69,"column":9}},"22":{"start":{"line":66,"column":44},"end":{"line":69,"column":7}},"23":{"start":{"line":70,"column":6},"end":{"line":70,"column":54}},"24":{"start":{"line":71,"column":6},"end":{"line":71,"column":28}},"25":{"start":{"line":73,"column":6},"end":{"line":73,"column":33}},"26":{"start":{"line":76,"column":2},"end":{"line":80,"column":4}}},"fnMap":{"0":{"name":"(anonymous_0)","decl":{"start":{"line":24,"column":32},"end":{"line":24,"column":33}},"loc":{"start":{"line":24,"column":38},"end":{"line":24,"column":69}},"line":24},"1":{"name":"(anonymous_1)","decl":{"start":{"line":26,"column":37},"end":{"line":26,"column":38}},"loc":{"start":{"line":30,"column":6},"end":{"line":81,"column":1}},"line":30},"2":{"name":"(anonymous_2)","decl":{"start":{"line":33,"column":12},"end":{"line":33,"column":13}},"loc":{"start":{"line":33,"column":18},"end":{"line":33,"column":20}},"line":33},"3":{"name":"(anonymous_3)","decl":{"start":{"line":37,"column":13},"end":{"line":37,"column":14}},"loc":{"start":{"line":37,"column":25},"end":{"line":44,"column":5}},"line":37},"4":{"name":"(anonymous_4)","decl":{"start":{"line":48,"column":12},"end":{"line":48,"column":13}},"loc":{"start":{"line":48,"column":18},"end":{"line":50,"column":3}},"line":48},"5":{"name":"(anonymous_5)","decl":{"start":{"line":52,"column":12},"end":{"line":52,"column":13}},"loc":{"start":{"line":52,"column":18},"end":{"line":61,"column":3}},"line":52},"6":{"name":"(anonymous_6)","decl":{"start":{"line":53,"column":29},"end":{"line":53,"column":30}},"loc":{"start":{"line":53,"column":41},"end":{"line":59,"column":5}},"line":53},"7":{"name":"(anonymous_7)","decl":{"start":{"line":63,"column":25},"end":{"line":63,"column":26}},"loc":{"start":{"line":63,"column":50},"end":{"line":75,"column":3}},"line":63},"8":{"name":"(anonymous_8)","decl":{"start":{"line":66,"column":23},"end":{"line":66,"column":24}},"loc":{"start":{"line":66,"column":44},"end":{"line":69,"column":7}},"line":66}},"branchMap":{"0":{"loc":{"start":{"line":55,"column":6},"end":{"line":58,"column":7}},"type":"if","locations":[{"start":{"line":55,"column":6},"end":{"line":58,"column":7}},{"start":{},"end":{}}],"line":55}},"s":{"0":5,"1":5,"2":22,"3":5,"4":12,"5":12,"6":12,"7":0,"8":0,"9":12,"10":12,"11":12,"12":7,"13":7,"14":7,"15":1,"16":1,"17":7,"18":12,"19":5,"20":5,"21":4,"22":4,"23":4,"24":4,"25":1,"26":12},"f":{"0":22,"1":12,"2":7,"3":0,"4":12,"5":7,"6":7,"7":5,"8":4},"b":{"0":[1,6]},"_coverageSchema":"1a1c01bbd47fc00a2c39e90264f33305004495a9","hash":"68a5ee8e60cc0b2f5797f76695e8aa571e16bdf4"}
,"/Users/mr9v2opt/Desktop/src/interview/SerdaoTest/src/contexts/TransactionContext.tsx": {"path":"/Users/mr9v2opt/Desktop/src/interview/SerdaoTest/src/contexts/TransactionContext.tsx","statementMap":{"0":{"start":{"line":18,"column":27},"end":{"line":20,"column":1}},"1":{"start":{"line":22,"column":31},"end":{"line":22,"column":67}},"2":{"start":{"line":22,"column":37},"end":{"line":22,"column":67}},"3":{"start":{"line":24,"column":35},"end":{"line":91,"column":1}},"4":{"start":{"line":29,"column":42},"end":{"line":29,"column":69}},"5":{"start":{"line":30,"column":32},"end":{"line":30,"column":54}},"6":{"start":{"line":32,"column":25},"end":{"line":50,"column":3}},"7":{"start":{"line":33,"column":31},"end":{"line":36,"column":6}},"8":{"start":{"line":37,"column":18},"end":{"line":37,"column":35}},"9":{"start":{"line":39,"column":4},"end":{"line":40,"column":49}},"10":{"start":{"line":40,"column":6},"end":{"line":40,"column":49}},"11":{"start":{"line":41,"column":25},"end":{"line":41,"column":43}},"12":{"start":{"line":42,"column":40},"end":{"line":47,"column":6}},"13":{"start":{"line":48,"column":4},"end":{"line":48,"column":79}},"14":{"start":{"line":48,"column":40},"end":{"line":48,"column":77}},"15":{"start":{"line":49,"column":4},"end":{"line":49,"column":64}},"16":{"start":{"line":49,"column":30},"end":{"line":49,"column":62}},"17":{"start":{"line":53,"column":33},"end":{"line":63,"column":3}},"18":{"start":{"line":55,"column":6},"end":{"line":60,"column":20}},"19":{"start":{"line":56,"column":8},"end":{"line":59,"column":10}},"20":{"start":{"line":65,"column":2},"end":{"line":67,"column":54}},"21":{"start":{"line":66,"column":4},"end":{"line":66,"column":29}},"22":{"start":{"line":69,"column":2},"end":{"line":83,"column":9}},"23":{"start":{"line":70,"column":28},"end":{"line":80,"column":5}},"24":{"start":{"line":71,"column":6},"end":{"line":79,"column":20}},"25":{"start":{"line":72,"column":21},"end":{"line":72,"column":80}},"26":{"start":{"line":73,"column":8},"end":{"line":78,"column":9}},"27":{"start":{"line":75,"column":12},"end":{"line":75,"column":28}},"28":{"start":{"line":76,"column":10},"end":{"line":76,"column":46}},"29":{"start":{"line":77,"column":10},"end":{"line":77,"column":36}},"30":{"start":{"line":82,"column":4},"end":{"line":82,"column":22}},"31":{"start":{"line":85,"column":2},"end":{"line":90,"column":4}}},"fnMap":{"0":{"name":"(anonymous_0)","decl":{"start":{"line":22,"column":31},"end":{"line":22,"column":32}},"loc":{"start":{"line":22,"column":37},"end":{"line":22,"column":67}},"line":22},"1":{"name":"(anonymous_1)","decl":{"start":{"line":24,"column":35},"end":{"line":24,"column":36}},"loc":{"start":{"line":28,"column":6},"end":{"line":91,"column":1}},"line":28},"2":{"name":"(anonymous_2)","decl":{"start":{"line":32,"column":25},"end":{"line":32,"column":26}},"loc":{"start":{"line":32,"column":63},"end":{"line":50,"column":3}},"line":32},"3":{"name":"(anonymous_3)","decl":{"start":{"line":48,"column":20},"end":{"line":48,"column":21}},"loc":{"start":{"line":48,"column":40},"end":{"line":48,"column":77}},"line":48},"4":{"name":"(anonymous_4)","decl":{"start":{"line":49,"column":15},"end":{"line":49,"column":16}},"loc":{"start":{"line":49,"column":30},"end":{"line":49,"column":62}},"line":49},"5":{"name":"(anonymous_5)","decl":{"start":{"line":54,"column":13},"end":{"line":54,"column":14}},"loc":{"start":{"line":54,"column":19},"end":{"line":61,"column":5}},"line":54},"6":{"name":"(anonymous_6)","decl":{"start":{"line":65,"column":12},"end":{"line":65,"column":13}},"loc":{"start":{"line":65,"column":18},"end":{"line":67,"column":3}},"line":65},"7":{"name":"(anonymous_7)","decl":{"start":{"line":69,"column":12},"end":{"line":69,"column":13}},"loc":{"start":{"line":69,"column":18},"end":{"line":83,"column":3}},"line":69},"8":{"name":"(anonymous_8)","decl":{"start":{"line":70,"column":28},"end":{"line":70,"column":29}},"loc":{"start":{"line":70,"column":40},"end":{"line":80,"column":5}},"line":70}},"branchMap":{"0":{"loc":{"start":{"line":39,"column":4},"end":{"line":40,"column":49}},"type":"if","locations":[{"start":{"line":39,"column":4},"end":{"line":40,"column":49}},{"start":{},"end":{}}],"line":39},"1":{"loc":{"start":{"line":73,"column":8},"end":{"line":78,"column":9}},"type":"if","locations":[{"start":{"line":73,"column":8},"end":{"line":78,"column":9}},{"start":{},"end":{}}],"line":73}},"s":{"0":3,"1":3,"2":18,"3":3,"4":17,"5":17,"6":17,"7":5,"8":5,"9":5,"10":2,"11":3,"12":3,"13":2,"14":2,"15":2,"16":2,"17":17,"18":3,"19":3,"20":17,"21":16,"22":17,"23":11,"24":11,"25":11,"26":11,"27":2,"28":2,"29":2,"30":11,"31":17},"f":{"0":18,"1":17,"2":5,"3":2,"4":2,"5":3,"6":16,"7":11,"8":11},"b":{"0":[2,3],"1":[2,9]},"_coverageSchema":"1a1c01bbd47fc00a2c39e90264f33305004495a9","hash":"ba8eab9f19d8537861ec0bd9c8516a18e8c0b6bc"}
,"/Users/mr9v2opt/Desktop/src/interview/SerdaoTest/src/models/Beneficiary.ts": {"path":"/Users/mr9v2opt/Desktop/src/interview/SerdaoTest/src/models/Beneficiary.ts","statementMap":{"0":{"start":{"line":3,"column":18},"end":{"line":3,"column":38}},"1":{"start":{"line":10,"column":4},"end":{"line":10,"column":21}},"2":{"start":{"line":11,"column":4},"end":{"line":11,"column":21}},"3":{"start":{"line":15,"column":22},"end":{"line":15,"column":48}},"4":{"start":{"line":16,"column":21},"end":{"line":16,"column":46}},"5":{"start":{"line":17,"column":17},"end":{"line":17,"column":38}},"6":{"start":{"line":19,"column":4},"end":{"line":21,"column":5}},"7":{"start":{"line":20,"column":6},"end":{"line":20,"column":76}},"8":{"start":{"line":23,"column":4},"end":{"line":29,"column":5}},"9":{"start":{"line":28,"column":6},"end":{"line":28,"column":62}},"10":{"start":{"line":31,"column":4},"end":{"line":37,"column":5}},"11":{"start":{"line":36,"column":6},"end":{"line":36,"column":60}},"12":{"start":{"line":39,"column":21},"end":{"line":39,"column":47}},"13":{"start":{"line":40,"column":4},"end":{"line":42,"column":5}},"14":{"start":{"line":41,"column":6},"end":{"line":41,"column":56}},"15":{"start":{"line":44,"column":4},"end":{"line":50,"column":5}},"16":{"start":{"line":49,"column":6},"end":{"line":49,"column":56}},"17":{"start":{"line":52,"column":4},"end":{"line":52,"column":43}}},"fnMap":{"0":{"name":"(anonymous_0)","decl":{"start":{"line":9,"column":2},"end":{"line":9,"column":3}},"loc":{"start":{"line":9,"column":42},"end":{"line":12,"column":3}},"line":9},"1":{"name":"(anonymous_1)","decl":{"start":{"line":14,"column":2},"end":{"line":14,"column":3}},"loc":{"start":{"line":14,"column":36},"end":{"line":53,"column":3}},"line":14}},"branchMap":{"0":{"loc":{"start":{"line":19,"column":4},"end":{"line":21,"column":5}},"type":"if","locations":[{"start":{"line":19,"column":4},"end":{"line":21,"column":5}},{"start":{},"end":{}}],"line":19},"1":{"loc":{"start":{"line":19,"column":8},"end":{"line":19,"column":49}},"type":"binary-expr","locations":[{"start":{"line":19,"column":8},"end":{"line":19,"column":32}},{"start":{"line":19,"column":36},"end":{"line":19,"column":49}}],"line":19},"2":{"loc":{"start":{"line":23,"column":4},"end":{"line":29,"column":5}},"type":"if","locations":[{"start":{"line":23,"column":4},"end":{"line":29,"column":5}},{"start":{},"end":{}}],"line":23},"3":{"loc":{"start":{"line":24,"column":6},"end":{"line":26,"column":48}},"type":"binary-expr","locations":[{"start":{"line":24,"column":6},"end":{"line":24,"column":35}},{"start":{"line":25,"column":6},"end":{"line":25,"column":29}},{"start":{"line":26,"column":6},"end":{"line":26,"column":48}}],"line":24},"4":{"loc":{"start":{"line":31,"column":4},"end":{"line":37,"column":5}},"type":"if","locations":[{"start":{"line":31,"column":4},"end":{"line":37,"column":5}},{"start":{},"end":{}}],"line":31},"5":{"loc":{"start":{"line":32,"column":6},"end":{"line":34,"column":46}},"type":"binary-expr","locations":[{"start":{"line":32,"column":6},"end":{"line":32,"column":34}},{"start":{"line":33,"column":6},"end":{"line":33,"column":28}},{"start":{"line":34,"column":6},"end":{"line":34,"column":46}}],"line":32},"6":{"loc":{"start":{"line":40,"column":4},"end":{"line":42,"column":5}},"type":"if","locations":[{"start":{"line":40,"column":4},"end":{"line":42,"column":5}},{"start":{},"end":{}}],"line":40},"7":{"loc":{"start":{"line":40,"column":8},"end":{"line":40,"column":62}},"type":"binary-expr","locations":[{"start":{"line":40,"column":8},"end":{"line":40,"column":36}},{"start":{"line":40,"column":40},"end":{"line":40,"column":62}}],"line":40},"8":{"loc":{"start":{"line":44,"column":4},"end":{"line":50,"column":5}},"type":"if","locations":[{"start":{"line":44,"column":4},"end":{"line":50,"column":5}},{"start":{},"end":{}}],"line":44},"9":{"loc":{"start":{"line":45,"column":6},"end":{"line":47,"column":43}},"type":"binary-expr","locations":[{"start":{"line":45,"column":6},"end":{"line":45,"column":30}},{"start":{"line":46,"column":6},"end":{"line":46,"column":24}},{"start":{"line":47,"column":6},"end":{"line":47,"column":43}}],"line":45}},"s":{"0":7,"1":5,"2":5,"3":12,"4":12,"5":12,"6":12,"7":1,"8":11,"9":2,"10":9,"11":2,"12":7,"13":7,"14":0,"15":7,"16":2,"17":5},"f":{"0":5,"1":12},"b":{"0":[1,11],"1":[12,12],"2":[2,9],"3":[11,11,10],"4":[2,7],"5":[9,8,8],"6":[0,7],"7":[7,7],"8":[2,5],"9":[7,7,6]},"_coverageSchema":"1a1c01bbd47fc00a2c39e90264f33305004495a9","hash":"7868e1e1e076e6e064dc21bcff2dc282e69d37b2"}
,"/Users/mr9v2opt/Desktop/src/interview/SerdaoTest/src/models/Transaction.ts": {"path":"/Users/mr9v2opt/Desktop/src/interview/SerdaoTest/src/models/Transaction.ts","statementMap":{"0":{"start":{"line":7,"column":4},"end":{"line":7,"column":21}},"1":{"start":{"line":8,"column":4},"end":{"line":8,"column":21}},"2":{"start":{"line":12,"column":17},"end":{"line":12,"column":38}},"3":{"start":{"line":13,"column":17},"end":{"line":13,"column":38}},"4":{"start":{"line":14,"column":4},"end":{"line":14,"column":35}},"5":{"start":{"line":24,"column":4},"end":{"line":24,"column":17}},"6":{"start":{"line":25,"column":4},"end":{"line":25,"column":25}},"7":{"start":{"line":26,"column":4},"end":{"line":26,"column":27}},"8":{"start":{"line":30,"column":15},"end":{"line":30,"column":34}},"9":{"start":{"line":31,"column":19},"end":{"line":31,"column":41}},"10":{"start":{"line":32,"column":27},"end":{"line":32,"column":57}},"11":{"start":{"line":36,"column":4},"end":{"line":38,"column":5}},"12":{"start":{"line":37,"column":6},"end":{"line":37,"column":49}},"13":{"start":{"line":39,"column":4},"end":{"line":43,"column":5}},"14":{"start":{"line":40,"column":6},"end":{"line":42,"column":8}},"15":{"start":{"line":44,"column":4},"end":{"line":46,"column":5}},"16":{"start":{"line":45,"column":6},"end":{"line":45,"column":55}},"17":{"start":{"line":48,"column":20},"end":{"line":48,"column":65}},"18":{"start":{"line":49,"column":4},"end":{"line":49,"column":48}}},"fnMap":{"0":{"name":"(anonymous_0)","decl":{"start":{"line":6,"column":2},"end":{"line":6,"column":3}},"loc":{"start":{"line":6,"column":42},"end":{"line":9,"column":3}},"line":6},"1":{"name":"(anonymous_1)","decl":{"start":{"line":11,"column":2},"end":{"line":11,"column":3}},"loc":{"start":{"line":11,"column":36},"end":{"line":15,"column":3}},"line":11},"2":{"name":"(anonymous_2)","decl":{"start":{"line":23,"column":2},"end":{"line":23,"column":3}},"loc":{"start":{"line":23,"column":60},"end":{"line":27,"column":3}},"line":23},"3":{"name":"(anonymous_3)","decl":{"start":{"line":29,"column":2},"end":{"line":29,"column":3}},"loc":{"start":{"line":29,"column":36},"end":{"line":50,"column":3}},"line":29}},"branchMap":{"0":{"loc":{"start":{"line":36,"column":4},"end":{"line":38,"column":5}},"type":"if","locations":[{"start":{"line":36,"column":4},"end":{"line":38,"column":5}},{"start":{},"end":{}}],"line":36},"1":{"loc":{"start":{"line":39,"column":4},"end":{"line":43,"column":5}},"type":"if","locations":[{"start":{"line":39,"column":4},"end":{"line":43,"column":5}},{"start":{},"end":{}}],"line":39},"2":{"loc":{"start":{"line":44,"column":4},"end":{"line":46,"column":5}},"type":"if","locations":[{"start":{"line":44,"column":4},"end":{"line":46,"column":5}},{"start":{},"end":{}}],"line":44}},"s":{"0":7,"1":7,"2":7,"3":7,"4":7,"5":2,"6":2,"7":2,"8":7,"9":7,"10":7,"11":7,"12":1,"13":6,"14":1,"15":5,"16":3,"17":2,"18":2},"f":{"0":7,"1":7,"2":2,"3":7},"b":{"0":[1,6],"1":[1,5],"2":[3,2]},"_coverageSchema":"1a1c01bbd47fc00a2c39e90264f33305004495a9","hash":"6c17b176fb86bbdc3ea150481f07f407e048b9bf"}
,"/Users/mr9v2opt/Desktop/src/interview/SerdaoTest/src/models/index.ts": {"path":"/Users/mr9v2opt/Desktop/src/interview/SerdaoTest/src/models/index.ts","statementMap":{},"fnMap":{},"branchMap":{},"s":{},"f":{},"b":{},"_coverageSchema":"1a1c01bbd47fc00a2c39e90264f33305004495a9","hash":"e9da26be59f0b110f2ee16948db56d6531b0b6b1"}
,"/Users/mr9v2opt/Desktop/src/interview/SerdaoTest/src/screens/CreateBeneficiaryScreen.tsx": {"path":"/Users/mr9v2opt/Desktop/src/interview/SerdaoTest/src/screens/CreateBeneficiaryScreen.tsx","statementMap":{"0":{"start":{"line":12,"column":31},"end":{"line":80,"column":1}},"1":{"start":{"line":13,"column":36},"end":{"line":13,"column":56}},"2":{"start":{"line":14,"column":34},"end":{"line":14,"column":54}},"3":{"start":{"line":15,"column":26},"end":{"line":15,"column":46}},"4":{"start":{"line":17,"column":31},"end":{"line":17,"column":49}},"5":{"start":{"line":19,"column":2},"end":{"line":21,"column":3}},"6":{"start":{"line":20,"column":4},"end":{"line":20,"column":16}},"7":{"start":{"line":22,"column":27},"end":{"line":22,"column":47}},"8":{"start":{"line":25,"column":19},"end":{"line":33,"column":61}},"9":{"start":{"line":26,"column":27},"end":{"line":26,"column":70}},"10":{"start":{"line":27,"column":4},"end":{"line":32,"column":5}},"11":{"start":{"line":28,"column":6},"end":{"line":28,"column":23}},"12":{"start":{"line":29,"column":6},"end":{"line":29,"column":22}},"13":{"start":{"line":30,"column":6},"end":{"line":30,"column":18}},"14":{"start":{"line":31,"column":6},"end":{"line":31,"column":26}},"15":{"start":{"line":35,"column":2},"end":{"line":79,"column":4}},"16":{"start":{"line":82,"column":15},"end":{"line":124,"column":2}}},"fnMap":{"0":{"name":"(anonymous_0)","decl":{"start":{"line":12,"column":31},"end":{"line":12,"column":32}},"loc":{"start":{"line":12,"column":56},"end":{"line":80,"column":1}},"line":12},"1":{"name":"(anonymous_1)","decl":{"start":{"line":25,"column":31},"end":{"line":25,"column":32}},"loc":{"start":{"line":25,"column":37},"end":{"line":33,"column":3}},"line":25}},"branchMap":{"0":{"loc":{"start":{"line":19,"column":2},"end":{"line":21,"column":3}},"type":"if","locations":[{"start":{"line":19,"column":2},"end":{"line":21,"column":3}},{"start":{},"end":{}}],"line":19},"1":{"loc":{"start":{"line":27,"column":4},"end":{"line":32,"column":5}},"type":"if","locations":[{"start":{"line":27,"column":4},"end":{"line":32,"column":5}},{"start":{},"end":{}}],"line":27}},"s":{"0":3,"1":9,"2":9,"3":9,"4":9,"5":9,"6":1,"7":8,"8":8,"9":2,"10":2,"11":1,"12":1,"13":1,"14":1,"15":8,"16":3},"f":{"0":9,"1":2},"b":{"0":[1,8],"1":[1,1]},"_coverageSchema":"1a1c01bbd47fc00a2c39e90264f33305004495a9","hash":"ac90de407d3627270e51a475427187b9be06e91c"}
,"/Users/mr9v2opt/Desktop/src/interview/SerdaoTest/src/screens/HomeScreen.tsx": {"path":"/Users/mr9v2opt/Desktop/src/interview/SerdaoTest/src/screens/HomeScreen.tsx","statementMap":{"0":{"start":{"line":18,"column":19},"end":{"line":45,"column":1}},"1":{"start":{"line":19,"column":29},"end":{"line":19,"column":46}},"2":{"start":{"line":20,"column":2},"end":{"line":22,"column":3}},"3":{"start":{"line":21,"column":4},"end":{"line":21,"column":16}},"4":{"start":{"line":23,"column":34},"end":{"line":23,"column":52}},"5":{"start":{"line":25,"column":2},"end":{"line":44,"column":4}},"6":{"start":{"line":31,"column":25},"end":{"line":31,"column":59}},"7":{"start":{"line":36,"column":25},"end":{"line":36,"column":65}},"8":{"start":{"line":47,"column":15},"end":{"line":105,"column":2}}},"fnMap":{"0":{"name":"(anonymous_0)","decl":{"start":{"line":18,"column":19},"end":{"line":18,"column":20}},"loc":{"start":{"line":18,"column":44},"end":{"line":45,"column":1}},"line":18},"1":{"name":"(anonymous_1)","decl":{"start":{"line":31,"column":19},"end":{"line":31,"column":20}},"loc":{"start":{"line":31,"column":25},"end":{"line":31,"column":59}},"line":31},"2":{"name":"(anonymous_2)","decl":{"start":{"line":36,"column":19},"end":{"line":36,"column":20}},"loc":{"start":{"line":36,"column":25},"end":{"line":36,"column":65}},"line":36}},"branchMap":{"0":{"loc":{"start":{"line":20,"column":2},"end":{"line":22,"column":3}},"type":"if","locations":[{"start":{"line":20,"column":2},"end":{"line":22,"column":3}},{"start":{},"end":{}}],"line":20}},"s":{"0":2,"1":4,"2":4,"3":1,"4":3,"5":3,"6":1,"7":1,"8":2},"f":{"0":4,"1":1,"2":1},"b":{"0":[1,3]},"_coverageSchema":"1a1c01bbd47fc00a2c39e90264f33305004495a9","hash":"6f38d4c111f62a864e7e5e1b58f114fd0fca38c9"}
,"/Users/mr9v2opt/Desktop/src/interview/SerdaoTest/src/screens/TransactionScreen.tsx": {"path":"/Users/mr9v2opt/Desktop/src/interview/SerdaoTest/src/screens/TransactionScreen.tsx","statementMap":{"0":{"start":{"line":24,"column":2},"end":{"line":26,"column":3}},"1":{"start":{"line":29,"column":26},"end":{"line":181,"column":1}},"2":{"start":{"line":30,"column":30},"end":{"line":30,"column":42}},"3":{"start":{"line":31,"column":26},"end":{"line":31,"column":38}},"4":{"start":{"line":32,"column":26},"end":{"line":32,"column":38}},"5":{"start":{"line":33,"column":29},"end":{"line":33,"column":46}},"6":{"start":{"line":34,"column":31},"end":{"line":34,"column":49}},"7":{"start":{"line":35,"column":2},"end":{"line":37,"column":3}},"8":{"start":{"line":36,"column":4},"end":{"line":36,"column":16}},"9":{"start":{"line":38,"column":2},"end":{"line":40,"column":3}},"10":{"start":{"line":39,"column":4},"end":{"line":39,"column":16}},"11":{"start":{"line":41,"column":27},"end":{"line":41,"column":45}},"12":{"start":{"line":42,"column":26},"end":{"line":42,"column":46}},"13":{"start":{"line":44,"column":28},"end":{"line":52,"column":54}},"14":{"start":{"line":45,"column":4},"end":{"line":51,"column":5}},"15":{"start":{"line":46,"column":29},"end":{"line":46,"column":62}},"16":{"start":{"line":47,"column":6},"end":{"line":47,"column":45}},"17":{"start":{"line":48,"column":6},"end":{"line":48,"column":26}},"18":{"start":{"line":50,"column":6},"end":{"line":50,"column":33}},"19":{"start":{"line":55,"column":15},"end":{"line":55,"column":60}},"20":{"start":{"line":55,"column":29},"end":{"line":55,"column":42}},"21":{"start":{"line":57,"column":19},"end":{"line":57,"column":44}},"22":{"start":{"line":58,"column":21},"end":{"line":58,"column":47}},"23":{"start":{"line":58,"column":35},"end":{"line":58,"column":42}},"24":{"start":{"line":60,"column":34},"end":{"line":64,"column":3}},"25":{"start":{"line":61,"column":4},"end":{"line":61,"column":30}},"26":{"start":{"line":62,"column":4},"end":{"line":62,"column":30}},"27":{"start":{"line":63,"column":4},"end":{"line":63,"column":30}},"28":{"start":{"line":67,"column":21},"end":{"line":94,"column":3}},"29":{"start":{"line":68,"column":17},"end":{"line":68,"column":46}},"30":{"start":{"line":70,"column":21},"end":{"line":70,"column":61}},"31":{"start":{"line":72,"column":24},"end":{"line":77,"column":10}},"32":{"start":{"line":78,"column":25},"end":{"line":79,"column":26}},"33":{"start":{"line":80,"column":4},"end":{"line":93,"column":5}},"34":{"start":{"line":88,"column":21},"end":{"line":88,"column":50}},"35":{"start":{"line":97,"column":28},"end":{"line":98,"column":8}},"36":{"start":{"line":100,"column":26},"end":{"line":102,"column":8}},"37":{"start":{"line":101,"column":4},"end":{"line":101,"column":41}},"38":{"start":{"line":104,"column":33},"end":{"line":106,"column":8}},"39":{"start":{"line":105,"column":4},"end":{"line":105,"column":30}},"40":{"start":{"line":108,"column":25},"end":{"line":118,"column":3}},"41":{"start":{"line":110,"column":6},"end":{"line":115,"column":8}},"42":{"start":{"line":120,"column":2},"end":{"line":180,"column":4}},"43":{"start":{"line":143,"column":12},"end":{"line":143,"column":31}},"44":{"start":{"line":144,"column":12},"end":{"line":144,"column":30}},"45":{"start":{"line":174,"column":32},"end":{"line":174,"column":41}},"46":{"start":{"line":183,"column":15},"end":{"line":264,"column":2}}},"fnMap":{"0":{"name":"BottomSheetFlatListHeader","decl":{"start":{"line":23,"column":9},"end":{"line":23,"column":34}},"loc":{"start":{"line":23,"column":37},"end":{"line":27,"column":1}},"line":23},"1":{"name":"(anonymous_1)","decl":{"start":{"line":29,"column":26},"end":{"line":29,"column":27}},"loc":{"start":{"line":29,"column":51},"end":{"line":181,"column":1}},"line":29},"2":{"name":"(anonymous_2)","decl":{"start":{"line":44,"column":40},"end":{"line":44,"column":41}},"loc":{"start":{"line":44,"column":46},"end":{"line":52,"column":3}},"line":44},"3":{"name":"(anonymous_3)","decl":{"start":{"line":55,"column":23},"end":{"line":55,"column":24}},"loc":{"start":{"line":55,"column":29},"end":{"line":55,"column":42}},"line":55},"4":{"name":"(anonymous_4)","decl":{"start":{"line":58,"column":29},"end":{"line":58,"column":30}},"loc":{"start":{"line":58,"column":35},"end":{"line":58,"column":42}},"line":58},"5":{"name":"(anonymous_5)","decl":{"start":{"line":60,"column":34},"end":{"line":60,"column":35}},"loc":{"start":{"line":60,"column":64},"end":{"line":64,"column":3}},"line":60},"6":{"name":"(anonymous_6)","decl":{"start":{"line":67,"column":21},"end":{"line":67,"column":22}},"loc":{"start":{"line":67,"column":54},"end":{"line":94,"column":3}},"line":67},"7":{"name":"(anonymous_7)","decl":{"start":{"line":88,"column":15},"end":{"line":88,"column":16}},"loc":{"start":{"line":88,"column":21},"end":{"line":88,"column":50}},"line":88},"8":{"name":"(anonymous_8)","decl":{"start":{"line":97,"column":40},"end":{"line":97,"column":41}},"loc":{"start":{"line":97,"column":59},"end":{"line":98,"column":3}},"line":97},"9":{"name":"(anonymous_9)","decl":{"start":{"line":100,"column":38},"end":{"line":100,"column":39}},"loc":{"start":{"line":100,"column":57},"end":{"line":102,"column":3}},"line":100},"10":{"name":"(anonymous_10)","decl":{"start":{"line":104,"column":45},"end":{"line":104,"column":46}},"loc":{"start":{"line":104,"column":51},"end":{"line":106,"column":3}},"line":104},"11":{"name":"(anonymous_11)","decl":{"start":{"line":109,"column":4},"end":{"line":109,"column":5}},"loc":{"start":{"line":110,"column":6},"end":{"line":115,"column":8}},"line":110},"12":{"name":"(anonymous_12)","decl":{"start":{"line":142,"column":37},"end":{"line":142,"column":38}},"loc":{"start":{"line":142,"column":43},"end":{"line":145,"column":11}},"line":142},"13":{"name":"(anonymous_13)","decl":{"start":{"line":174,"column":24},"end":{"line":174,"column":25}},"loc":{"start":{"line":174,"column":32},"end":{"line":174,"column":41}},"line":174}},"branchMap":{"0":{"loc":{"start":{"line":35,"column":2},"end":{"line":37,"column":3}},"type":"if","locations":[{"start":{"line":35,"column":2},"end":{"line":37,"column":3}},{"start":{},"end":{}}],"line":35},"1":{"loc":{"start":{"line":38,"column":2},"end":{"line":40,"column":3}},"type":"if","locations":[{"start":{"line":38,"column":2},"end":{"line":40,"column":3}},{"start":{},"end":{}}],"line":38},"2":{"loc":{"start":{"line":70,"column":21},"end":{"line":70,"column":61}},"type":"binary-expr","locations":[{"start":{"line":70,"column":21},"end":{"line":70,"column":39}},{"start":{"line":70,"column":43},"end":{"line":70,"column":61}}],"line":70},"3":{"loc":{"start":{"line":72,"column":24},"end":{"line":77,"column":10}},"type":"cond-expr","locations":[{"start":{"line":73,"column":8},"end":{"line":76,"column":9}},{"start":{"line":77,"column":8},"end":{"line":77,"column":10}}],"line":72},"4":{"loc":{"start":{"line":78,"column":25},"end":{"line":79,"column":26}},"type":"cond-expr","locations":[{"start":{"line":78,"column":36},"end":{"line":79,"column":22}},{"start":{"line":79,"column":24},"end":{"line":79,"column":26}}],"line":78},"5":{"loc":{"start":{"line":141,"column":9},"end":{"line":148,"column":16}},"type":"cond-expr","locations":[{"start":{"line":142,"column":10},"end":{"line":147,"column":29}},{"start":{"line":148,"column":12},"end":{"line":148,"column":16}}],"line":141},"6":{"loc":{"start":{"line":141,"column":9},"end":{"line":141,"column":59}},"type":"binary-expr","locations":[{"start":{"line":141,"column":9},"end":{"line":141,"column":31}},{"start":{"line":141,"column":35},"end":{"line":141,"column":59}}],"line":141}},"s":{"0":1,"1":2,"2":2,"3":2,"4":2,"5":2,"6":2,"7":2,"8":1,"9":1,"10":0,"11":1,"12":1,"13":1,"14":0,"15":0,"16":0,"17":0,"18":0,"19":1,"20":1,"21":1,"22":1,"23":1,"24":1,"25":0,"26":0,"27":0,"28":1,"29":0,"30":0,"31":0,"32":0,"33":0,"34":0,"35":1,"36":1,"37":0,"38":1,"39":0,"40":1,"41":1,"42":1,"43":0,"44":0,"45":0,"46":2},"f":{"0":1,"1":2,"2":0,"3":1,"4":1,"5":0,"6":0,"7":0,"8":0,"9":0,"10":0,"11":1,"12":0,"13":0},"b":{"0":[1,1],"1":[0,1],"2":[0,0],"3":[0,0],"4":[0,0],"5":[0,1],"6":[1,1]},"_coverageSchema":"1a1c01bbd47fc00a2c39e90264f33305004495a9","hash":"82add8f969042ded52622003a371a98eca287aba"}
,"/Users/mr9v2opt/Desktop/src/interview/SerdaoTest/src/screens/index.ts": {"path":"/Users/mr9v2opt/Desktop/src/interview/SerdaoTest/src/screens/index.ts","statementMap":{},"fnMap":{},"branchMap":{},"s":{},"f":{},"b":{},"_coverageSchema":"1a1c01bbd47fc00a2c39e90264f33305004495a9","hash":"e8d6d10a998a60438df3915881bc9df34a077a01"}
,"/Users/mr9v2opt/Desktop/src/interview/SerdaoTest/src/utils/index.ts": {"path":"/Users/mr9v2opt/Desktop/src/interview/SerdaoTest/src/utils/index.ts","statementMap":{},"fnMap":{},"branchMap":{},"s":{},"f":{},"b":{},"_coverageSchema":"1a1c01bbd47fc00a2c39e90264f33305004495a9","hash":"d25ceb4046982adc79ba2c8b212c757708b5b032"}
,"/Users/mr9v2opt/Desktop/src/interview/SerdaoTest/src/utils/notifyMessage.ts": {"path":"/Users/mr9v2opt/Desktop/src/interview/SerdaoTest/src/utils/notifyMessage.ts","statementMap":{"0":{"start":{"line":4,"column":2},"end":{"line":8,"column":3}},"1":{"start":{"line":5,"column":4},"end":{"line":5,"column":47}},"2":{"start":{"line":7,"column":4},"end":{"line":7,"column":25}}},"fnMap":{"0":{"name":"notifyMessage","decl":{"start":{"line":3,"column":16},"end":{"line":3,"column":29}},"loc":{"start":{"line":3,"column":43},"end":{"line":9,"column":1}},"line":3}},"branchMap":{"0":{"loc":{"start":{"line":4,"column":2},"end":{"line":8,"column":3}},"type":"if","locations":[{"start":{"line":4,"column":2},"end":{"line":8,"column":3}},{"start":{"line":6,"column":9},"end":{"line":8,"column":3}}],"line":4}},"s":{"0":5,"1":0,"2":5},"f":{"0":5},"b":{"0":[0,5]},"_coverageSchema":"1a1c01bbd47fc00a2c39e90264f33305004495a9","hash":"5c5afdb223eddb8a2c79022b821db6c89b4a8f27"}
}
