TN:
SF:src/assets/Icons.ts
FNF:0
FNH:0
DA:1,5
LF:1
LH:1
BRF:0
BRH:0
end_of_record
TN:
SF:src/assets/index.ts
FNF:0
FNH:0
LF:0
LH:0
BRF:0
BRH:0
end_of_record
TN:
SF:src/components/CommonTextInput.tsx
FN:5,(anonymous_0)
FNF:1
FNH:1
FNDA:26,(anonymous_0)
DA:5,4
DA:6,26
DA:9,4
LF:3
LH:3
BRF:0
BRH:0
end_of_record
TN:
SF:src/components/CurrentBalanceCard.tsx
FN:8,(anonymous_0)
FNF:1
FNH:1
FNDA:5,(anonymous_0)
DA:8,3
DA:9,5
DA:19,3
LF:3
LH:3
BRF:0
BRH:0
end_of_record
TN:
SF:src/components/TransactionList.tsx
FN:16,(anonymous_0)
FN:17,(anonymous_1)
FN:30,(anonymous_2)
FN:47,(anonymous_3)
FNF:4
FNH:4
FNDA:10,(anonymous_0)
FNDA:8,(anonymous_1)
FNDA:3,(anonymous_2)
FNDA:5,(anonymous_3)
DA:16,4
DA:17,10
DA:18,8
DA:30,10
DA:31,3
DA:41,10
DA:47,5
DA:52,4
LF:8
LH:8
BRF:0
BRH:0
end_of_record
TN:
SF:src/constants/cacheKeys.ts
FNF:0
FNH:0
LF:0
LH:0
BRF:0
BRH:0
end_of_record
TN:
SF:src/constants/index.ts
FNF:0
FNH:0
LF:0
LH:0
BRF:0
BRH:0
end_of_record
TN:
SF:src/constants/regex.ts
FNF:0
FNH:0
DA:1,7
DA:2,7
LF:2
LH:2
BRF:0
BRH:0
end_of_record
TN:
SF:src/contexts/BeneficariesContext.tsx
FN:24,(anonymous_0)
FN:26,(anonymous_1)
FN:33,(anonymous_2)
FN:37,(anonymous_3)
FN:48,(anonymous_4)
FN:52,(anonymous_5)
FN:53,(anonymous_6)
FN:63,(anonymous_7)
FN:66,(anonymous_8)
FNF:9
FNH:8
FNDA:22,(anonymous_0)
FNDA:12,(anonymous_1)
FNDA:7,(anonymous_2)
FNDA:0,(anonymous_3)
FNDA:12,(anonymous_4)
FNDA:7,(anonymous_5)
FNDA:7,(anonymous_6)
FNDA:5,(anonymous_7)
FNDA:4,(anonymous_8)
DA:20,5
DA:24,22
DA:26,5
DA:31,12
DA:33,12
DA:36,12
DA:38,0
DA:39,0
DA:48,12
DA:49,12
DA:52,12
DA:53,7
DA:54,7
DA:55,7
DA:56,1
DA:57,1
DA:60,7
DA:63,12
DA:64,5
DA:65,5
DA:66,4
DA:70,4
DA:71,4
DA:73,1
DA:76,12
LF:25
LH:23
BRDA:55,0,0,1
BRDA:55,0,1,6
BRF:2
BRH:2
end_of_record
TN:
SF:src/contexts/TransactionContext.tsx
FN:22,(anonymous_0)
FN:24,(anonymous_1)
FN:32,(anonymous_2)
FN:48,(anonymous_3)
FN:49,(anonymous_4)
FN:54,(anonymous_5)
FN:65,(anonymous_6)
FN:69,(anonymous_7)
FN:70,(anonymous_8)
FNF:9
FNH:9
FNDA:18,(anonymous_0)
FNDA:17,(anonymous_1)
FNDA:5,(anonymous_2)
FNDA:2,(anonymous_3)
FNDA:2,(anonymous_4)
FNDA:3,(anonymous_5)
FNDA:16,(anonymous_6)
FNDA:11,(anonymous_7)
FNDA:11,(anonymous_8)
DA:18,3
DA:22,18
DA:24,3
DA:29,17
DA:30,17
DA:32,17
DA:33,5
DA:37,5
DA:39,5
DA:40,2
DA:41,3
DA:42,3
DA:48,2
DA:49,2
DA:53,17
DA:55,3
DA:56,3
DA:65,17
DA:66,16
DA:69,17
DA:70,11
DA:71,11
DA:72,11
DA:73,11
DA:75,2
DA:76,2
DA:77,2
DA:82,11
DA:85,17
LF:29
LH:29
BRDA:39,0,0,2
BRDA:39,0,1,3
BRDA:73,1,0,2
BRDA:73,1,1,9
BRF:4
BRH:4
end_of_record
TN:
SF:src/models/Beneficiary.ts
FN:9,(anonymous_0)
FN:14,(anonymous_1)
FNF:2
FNH:2
FNDA:5,(anonymous_0)
FNDA:12,(anonymous_1)
DA:3,7
DA:10,5
DA:11,5
DA:15,12
DA:16,12
DA:17,12
DA:19,12
DA:20,1
DA:23,11
DA:28,2
DA:31,9
DA:36,2
DA:39,7
DA:40,7
DA:41,0
DA:44,7
DA:49,2
DA:52,5
LF:18
LH:17
BRDA:19,0,0,1
BRDA:19,0,1,11
BRDA:19,1,0,12
BRDA:19,1,1,12
BRDA:23,2,0,2
BRDA:23,2,1,9
BRDA:24,3,0,11
BRDA:24,3,1,11
BRDA:24,3,2,10
BRDA:31,4,0,2
BRDA:31,4,1,7
BRDA:32,5,0,9
BRDA:32,5,1,8
BRDA:32,5,2,8
BRDA:40,6,0,0
BRDA:40,6,1,7
BRDA:40,7,0,7
BRDA:40,7,1,7
BRDA:44,8,0,2
BRDA:44,8,1,5
BRDA:45,9,0,7
BRDA:45,9,1,7
BRDA:45,9,2,6
BRF:23
BRH:22
end_of_record
TN:
SF:src/models/Transaction.ts
FN:6,(anonymous_0)
FN:11,(anonymous_1)
FN:23,(anonymous_2)
FN:29,(anonymous_3)
FNF:4
FNH:4
FNDA:7,(anonymous_0)
FNDA:7,(anonymous_1)
FNDA:2,(anonymous_2)
FNDA:7,(anonymous_3)
DA:7,7
DA:8,7
DA:12,7
DA:13,7
DA:14,7
DA:24,2
DA:25,2
DA:26,2
DA:30,7
DA:31,7
DA:32,7
DA:36,7
DA:37,1
DA:39,6
DA:40,1
DA:44,5
DA:45,3
DA:48,2
DA:49,2
LF:19
LH:19
BRDA:36,0,0,1
BRDA:36,0,1,6
BRDA:39,1,0,1
BRDA:39,1,1,5
BRDA:44,2,0,3
BRDA:44,2,1,2
BRF:6
BRH:6
end_of_record
TN:
SF:src/models/index.ts
FNF:0
FNH:0
LF:0
LH:0
BRF:0
BRH:0
end_of_record
TN:
SF:src/screens/CreateBeneficiaryScreen.tsx
FN:12,(anonymous_0)
FN:25,(anonymous_1)
FNF:2
FNH:2
FNDA:9,(anonymous_0)
FNDA:2,(anonymous_1)
DA:12,3
DA:13,9
DA:14,9
DA:15,9
DA:17,9
DA:19,9
DA:20,1
DA:22,8
DA:25,8
DA:26,2
DA:27,2
DA:28,1
DA:29,1
DA:30,1
DA:31,1
DA:35,8
DA:82,3
LF:17
LH:17
BRDA:19,0,0,1
BRDA:19,0,1,8
BRDA:27,1,0,1
BRDA:27,1,1,1
BRF:4
BRH:4
end_of_record
TN:
SF:src/screens/HomeScreen.tsx
FN:18,(anonymous_0)
FN:31,(anonymous_1)
FN:36,(anonymous_2)
FNF:3
FNH:3
FNDA:4,(anonymous_0)
FNDA:1,(anonymous_1)
FNDA:1,(anonymous_2)
DA:18,2
DA:19,4
DA:20,4
DA:21,1
DA:23,3
DA:25,3
DA:31,1
DA:36,1
DA:47,2
LF:9
LH:9
BRDA:20,0,0,1
BRDA:20,0,1,3
BRF:2
BRH:2
end_of_record
TN:
SF:src/screens/TransactionScreen.tsx
FN:23,BottomSheetFlatListHeader
FN:29,(anonymous_1)
FN:44,(anonymous_2)
FN:55,(anonymous_3)
FN:58,(anonymous_4)
FN:60,(anonymous_5)
FN:67,(anonymous_6)
FN:88,(anonymous_7)
FN:97,(anonymous_8)
FN:100,(anonymous_9)
FN:104,(anonymous_10)
FN:109,(anonymous_11)
FN:142,(anonymous_12)
FN:174,(anonymous_13)
FNF:14
FNH:5
FNDA:1,BottomSheetFlatListHeader
FNDA:2,(anonymous_1)
FNDA:0,(anonymous_2)
FNDA:1,(anonymous_3)
FNDA:1,(anonymous_4)
FNDA:0,(anonymous_5)
FNDA:0,(anonymous_6)
FNDA:0,(anonymous_7)
FNDA:0,(anonymous_8)
FNDA:0,(anonymous_9)
FNDA:0,(anonymous_10)
FNDA:1,(anonymous_11)
FNDA:0,(anonymous_12)
FNDA:0,(anonymous_13)
DA:24,1
DA:29,2
DA:30,2
DA:31,2
DA:32,2
DA:33,2
DA:34,2
DA:35,2
DA:36,1
DA:38,1
DA:39,0
DA:41,1
DA:42,1
DA:44,1
DA:45,0
DA:46,0
DA:47,0
DA:48,0
DA:50,0
DA:55,1
DA:57,1
DA:58,1
DA:60,1
DA:61,0
DA:62,0
DA:63,0
DA:67,1
DA:68,0
DA:70,0
DA:72,0
DA:78,0
DA:80,0
DA:88,0
DA:97,1
DA:100,1
DA:101,0
DA:104,1
DA:105,0
DA:108,1
DA:110,1
DA:120,1
DA:143,0
DA:144,0
DA:174,0
DA:183,2
LF:45
LH:25
BRDA:35,0,0,1
BRDA:35,0,1,1
BRDA:38,1,0,0
BRDA:38,1,1,1
BRDA:70,2,0,0
BRDA:70,2,1,0
BRDA:72,3,0,0
BRDA:72,3,1,0
BRDA:78,4,0,0
BRDA:78,4,1,0
BRDA:141,5,0,0
BRDA:141,5,1,1
BRDA:141,6,0,1
BRDA:141,6,1,1
BRF:14
BRH:6
end_of_record
TN:
SF:src/screens/index.ts
FNF:0
FNH:0
LF:0
LH:0
BRF:0
BRH:0
end_of_record
TN:
SF:src/utils/index.ts
FNF:0
FNH:0
LF:0
LH:0
BRF:0
BRH:0
end_of_record
TN:
SF:src/utils/notifyMessage.ts
FN:3,notifyMessage
FNF:1
FNH:1
FNDA:5,notifyMessage
DA:4,5
DA:5,0
DA:7,5
LF:3
LH:2
BRDA:4,0,0,0
BRDA:4,0,1,5
BRF:2
BRH:1
end_of_record
